<?xml version="1.0" encoding="UTF-8"?>
<testsuite xmlns:xsi="http://www.w3.org/2001/XMLSchema-instance" xsi:noNamespaceSchemaLocation="https://maven.apache.org/surefire/maven-surefire-plugin/xsd/surefire-test-report-3.0.xsd" version="3.0" name="com.forge.analyzer.CodeAnalyzerTest" time="0.505" tests="6" errors="0" skipped="0" failures="2">
  <properties>
[...]
</properties>
  <testcase name="testAnalyzeJavaFileWithNestedLoops(Path)" classname="com.forge.analyzer.CodeAnalyzerTest" time="0.078">
    <failure message="expected: &lt;false&gt; but was: &lt;true&gt;" type="org.opentest4j.AssertionFailedError"><![CDATA[org.opentest4j.AssertionFailedError: expected: <false> but was: <true>
	at org.junit.jupiter.api.AssertionFailureBuilder.build(AssertionFailureBuilder.java:151)
	at org.junit.jupiter.api.AssertionFailureBuilder.buildAndThrow(AssertionFailureBuilder.java:132)
	at org.junit.jupiter.api.AssertFalse.failNotFalse(AssertFalse.java:63)
	at org.junit.jupiter.api.AssertFalse.assertFalse(AssertFalse.java:36)
	at org.junit.jupiter.api.AssertFalse.assertFalse(AssertFalse.java:31)
	at org.junit.jupiter.api.Assertions.assertFalse(Assertions.java:227)
	at com.forge.analyzer.CodeAnalyzerTest.testAnalyzeJavaFileWithNestedLoops(CodeAnalyzerTest.java:53)
	at java.base/java.lang.reflect.Method.invoke(Method.java:580)
	at java.base/java.util.ArrayList.forEach(ArrayList.java:1596)
	at java.base/java.util.ArrayList.forEach(ArrayList.java:1596)
]]></failure>
  </testcase>
  <testcase name="testAnalyzeMultipleJavaFiles(Path)" classname="com.forge.analyzer.CodeAnalyzerTest" time="0.105">
    <failure message="expected: &lt;false&gt; but was: &lt;true&gt;" type="org.opentest4j.AssertionFailedError"><![CDATA[org.opentest4j.AssertionFailedError: expected: <false> but was: <true>
	at org.junit.jupiter.api.AssertionFailureBuilder.build(AssertionFailureBuilder.java:151)
	at org.junit.jupiter.api.AssertionFailureBuilder.buildAndThrow(AssertionFailureBuilder.java:132)
	at org.junit.jupiter.api.AssertFalse.failNotFalse(AssertFalse.java:63)
	at org.junit.jupiter.api.AssertFalse.assertFalse(AssertFalse.java:36)
	at org.junit.jupiter.api.AssertFalse.assertFalse(AssertFalse.java:31)
	at org.junit.jupiter.api.Assertions.assertFalse(Assertions.java:227)
	at com.forge.analyzer.CodeAnalyzerTest.testAnalyzeMultipleJavaFiles(CodeAnalyzerTest.java:173)
	at java.base/java.lang.reflect.Method.invoke(Method.java:580)
	at java.base/java.util.ArrayList.forEach(ArrayList.java:1596)
	at java.base/java.util.ArrayList.forEach(ArrayList.java:1596)
]]></failure>
  </testcase>
  <testcase name="testAnalyzeJavaFileWithRepeatedMethodCalls(Path)" classname="com.forge.analyzer.CodeAnalyzerTest" time="0.06"/>
  <testcase name="testAnalyzeEmptyDirectory(Path)" classname="com.forge.analyzer.CodeAnalyzerTest" time="0.037"/>
  <testcase name="testAnalyzeJavaFileWithStringConcatenation(Path)" classname="com.forge.analyzer.CodeAnalyzerTest" time="0.075"/>
  <testcase name="testAnalyzeCleanJavaFile(Path)" classname="com.forge.analyzer.CodeAnalyzerTest" time="0.045"/>
</testsuite>